<?xml version="1.0" encoding="UTF-8"?>
<!-- Generated by org.testng.reporters.JUnitXMLReporter -->
<testsuite hostname="LAPTOP-SCJLCHHR" ignored="0" name="Adidas API Assignment" tests="3" failures="0" timestamp="23 Feb 2018 20:37:06 GMT" time="2.821" errors="0">
  <testcase name="imageAccessibilityTest" time="2.47" classname="com.qa.tests.HomePageTest"/>
  <testcase name="landingPathApiTest" time="0.157" classname="com.qa.tests.HomePageTest"/>
  <testcase name="verifyResponseTime" time="0.155" classname="com.qa.tests.HomePageTest"/>
</testsuite> <!-- Adidas API Assignment -->
