<?xml version="1.0" encoding="UTF-8"?>
<testsuite xmlns:xsi="http://www.w3.org/2001/XMLSchema-instance" xsi:noNamespaceSchemaLocation="https://maven.apache.org/surefire/maven-surefire-plugin/xsd/surefire-test-report.xsd" name="TestSuite" time="3.501" tests="3" errors="0" skipped="0" failures="0">
  <properties>
[...]
</properties>
  <testcase name="imageAccessibilityTest" classname="com.qa.tests.HomePageTest" time="2.472"/>
  <testcase name="landingPathApiTest" classname="com.qa.tests.HomePageTest" time="0.188"/>
  <testcase name="verifyResponseTime" classname="com.qa.tests.HomePageTest" time="0.123"/>
</testsuite>